<?xml version="1.0" encoding="utf-8"?><testsuites name="pytest tests"><testsuite name="pytest" errors="0" failures="0" skipped="0" tests="15" time="16.545" timestamp="2026-08-24T19:05:01.747032+00:00" hostname="agent-env-44b71d53-9701-453a-9c24-43b617eccba1"><testcase classname="tests.backend_test.TestChat" name="test_chat_streams_and_persists" time="2.580" /><testcase classname="tests.backend_test.TestMemory" name="test_add_list_delete_memory" time="0.515" /><testcase classname="tests.backend_test.TestMemory" name="test_memory_isolated_per_session" time="0.121" /><testcase classname="tests.backend_test.TestMemory" name="test_delete_memory_invalid_id" time="0.068" /><testcase classname="tests.backend_test.TestMemory" name="test_delete_memory_wrong_session_does_not_delete" time="0.194" /><testcase classname="tests.backend_test.TestMemory" name="test_memory_validation_error" time="0.061" /><testcase classname="tests.backend_test.TestInit" name="test_init_new_session_creates_greeting" time="0.063" /><testcase classname="tests.backend_test.TestInit" name="test_init_idempotent_existing_session" time="0.116" /><testcase classname="tests.backend_test.TestInit" name="test_init_validation_error" time="0.060" /><testcase classname="tests.backend_test.TestMessages" name="test_clear_messages_and_regreet" time="0.302" /><testcase classname="tests.backend_test.TestMessages" name="test_get_messages_unknown_session" time="0.081" /><testcase classname="tests.backend_test.TestHealth" name="test_root" time="1.948" /><testcase classname="tests.backend_test.TestChat" name="test_chat_uses_memory_context" time="8.437" /><testcase classname="tests.backend_test.TestChat" name="test_chat_memory_auto_extraction" time="3.942" /><testcase classname="tests.backend_test.TestChat" name="test_chat_validation_error" time="1.001" /></testsuite></testsuites>